8.5908203125
3.11083984375
35.843017578125
24.3798828125
6.460205078125
4.592041015625
3.2958984375
4.3330078125
3.168212890625
4.303955078125
3.244384765625
8.152099609375
7.71630859375
3.68896484375
16.123046875
3.55322265625
51.9580078125
16.054931640625
3.81103515625
71.6279296875
47.071044921875
35.818115234375
21.884765625
9.157958984375
4.0390625
58.42724609375
51.87890625
3.472900390625
80.052001953125
50.77783203125
48.0009765625
63.398193359375
11.734130859375
131.7392578125
3.93701171875
44.195068359375
51.143310546875
72.027099609375
3.386962890625
7.992919921875
43.65087890625
83.881103515625
340.0810546875
91.264892578125
106.63330078125
37.06591796875
44.871826171875
19.464111328125
34.85888671875
8.16015625
294.14306640625
35.602783203125
60.06884765625
623.41015625
272.283935546875
67.28515625
76.15478515625
733.13916015625
174.20703125
459.56298828125
676.092041015625
371.402099609375
183.706787109375
26.864990234375
572.7802734375
361.152099609375
484.5810546875
365.39990234375
119.64599609375
115.682861328125
431.955078125
155.630126953125
1499.89404296875
77.603271484375
789.920166015625
295.964111328125
1093.679931640625
125.547119140625
11.6708984375
619.987060546875
294.69384765625
1385.005126953125
1299.721923828125
1547.781005859375
287.446044921875
1213.699951171875
289.839111328125
627.745849609375
615.9609375
5355.56884765625
1479.93115234375
767.488037109375
3.687255859375
11.97216796875
117.10498046875
1418.224853515625
4151.84912109375
363.760009765625
15291.7138671875
411.885009765625
4935.781005859375
1431.844970703125
4339.60302734375
224.554931640625
8170.98193359375
4097.30908203125
2205.916015625
19092.031005859375
5627.660888671875
2551.465087890625
8455.93798828125
25535.547119140625
9801.026123046875
2490.739013671875
2179.193115234375
1215.756103515625
1898.231201171875
52431.782958984375
28857.26220703125
88124.28173828125
23723.580078125
351.891845703125
165219.82104492188
123417.00610351562
750074.3708496094
